{"uid":"4f7cb245f667e47a","name":"Delete new user in data base","fullName":"test.test_create_custuner.TestCreateCostuner#test_delete_new_user_in_list","historyId":"c3b6518e26ba05cc896001c6a44b94ec","time":{"start":1692716187686,"stop":1692716197446,"duration":9760},"status":"failed","statusMessage":"AssertionError: Issue param in not list","statusTrace":"self = <feature_pages.bank_manager_login_page.BankManagerLogin object at 0x7f577872efb0>\n\n    @allure.step(\"Checking account for created new user in base list\")\n    def checking_account_for_new_user(self):\n        try:\n            self.select_element_is_clickable(self.locator.OPEN_ACCOUNT_BTN).click()\n            time.sleep(4)\n            account_list = self.wait.until(EC.presence_of_all_elements_located(self.locator.ACCOUNT_LIST))\n>           assert self.first_name in account_list[5].text, \"First name is not show in dropdown list \"\nE           AssertionError: First name is not show in dropdown list\n\nfeature_pages/bank_manager_login_page.py:39: AssertionError\n\nDuring handling of the above exception, another exception occurred:\n\nself = <test.test_create_custuner.TestCreateCostuner object at 0x7f577872d2d0>\n\n    @allure.title(\"Delete new user in data base\")\n    @allure.severity(\"NORMAL\")\n    @pytest.mark.smoke\n    def test_delete_new_user_in_list(self):\n        self.bank_manager_login_page.open()\n        self.bank_manager_login_page.is_open_browser()\n        self.bank_manager_login_page.create_new_account_user()\n>       self.bank_manager_login_page.checking_account_for_new_user()\n\ntest/test_create_custuner.py:38: \n_ _ _ _ _ _ _ _ _ _ _ _ _ _ _ _ _ _ _ _ _ _ _ _ _ _ _ _ _ _ _ _ _ _ _ _ _ _ _ _ \n\nself = <feature_pages.bank_manager_login_page.BankManagerLogin object at 0x7f577872efb0>\n\n    @allure.step(\"Checking account for created new user in base list\")\n    def checking_account_for_new_user(self):\n        try:\n            self.select_element_is_clickable(self.locator.OPEN_ACCOUNT_BTN).click()\n            time.sleep(4)\n            account_list = self.wait.until(EC.presence_of_all_elements_located(self.locator.ACCOUNT_LIST))\n            assert self.first_name in account_list[5].text, \"First name is not show in dropdown list \"\n            assert self.last_name in account_list[5].text, \"Last name is not show in dropdown list \"\n        except AssertionError:\n            self.make_screenshoin_in_report(f\"Issue param in not list \")\n>           assert False, \"Issue param in not list\"\nE           AssertionError: Issue param in not list\n\nfeature_pages/bank_manager_login_page.py:43: AssertionError","flaky":false,"newFailed":false,"newBroken":false,"newPassed":false,"retriesCount":0,"retriesStatusChange":false,"beforeStages":[{"name":"_session_faker","time":{"start":1692716132757,"stop":1692716132773,"duration":16},"status":"passed","steps":[],"attachments":[],"parameters":[],"stepsCount":0,"attachmentsCount":0,"shouldDisplayMessage":false,"hasContent":false},{"name":"driver","time":{"start":1692716162968,"stop":1692716163662,"duration":694},"status":"passed","steps":[],"attachments":[],"parameters":[],"stepsCount":0,"attachmentsCount":0,"shouldDisplayMessage":false,"hasContent":false},{"name":"setup","time":{"start":1692716187686,"stop":1692716187686,"duration":0},"status":"passed","steps":[],"attachments":[],"parameters":[],"stepsCount":0,"attachmentsCount":0,"shouldDisplayMessage":false,"hasContent":false}],"testStage":{"status":"failed","statusMessage":"AssertionError: Issue param in not list","statusTrace":"self = <feature_pages.bank_manager_login_page.BankManagerLogin object at 0x7f577872efb0>\n\n    @allure.step(\"Checking account for created new user in base list\")\n    def checking_account_for_new_user(self):\n        try:\n            self.select_element_is_clickable(self.locator.OPEN_ACCOUNT_BTN).click()\n            time.sleep(4)\n            account_list = self.wait.until(EC.presence_of_all_elements_located(self.locator.ACCOUNT_LIST))\n>           assert self.first_name in account_list[5].text, \"First name is not show in dropdown list \"\nE           AssertionError: First name is not show in dropdown list\n\nfeature_pages/bank_manager_login_page.py:39: AssertionError\n\nDuring handling of the above exception, another exception occurred:\n\nself = <test.test_create_custuner.TestCreateCostuner object at 0x7f577872d2d0>\n\n    @allure.title(\"Delete new user in data base\")\n    @allure.severity(\"NORMAL\")\n    @pytest.mark.smoke\n    def test_delete_new_user_in_list(self):\n        self.bank_manager_login_page.open()\n        self.bank_manager_login_page.is_open_browser()\n        self.bank_manager_login_page.create_new_account_user()\n>       self.bank_manager_login_page.checking_account_for_new_user()\n\ntest/test_create_custuner.py:38: \n_ _ _ _ _ _ _ _ _ _ _ _ _ _ _ _ _ _ _ _ _ _ _ _ _ _ _ _ _ _ _ _ _ _ _ _ _ _ _ _ \n\nself = <feature_pages.bank_manager_login_page.BankManagerLogin object at 0x7f577872efb0>\n\n    @allure.step(\"Checking account for created new user in base list\")\n    def checking_account_for_new_user(self):\n        try:\n            self.select_element_is_clickable(self.locator.OPEN_ACCOUNT_BTN).click()\n            time.sleep(4)\n            account_list = self.wait.until(EC.presence_of_all_elements_located(self.locator.ACCOUNT_LIST))\n            assert self.first_name in account_list[5].text, \"First name is not show in dropdown list \"\n            assert self.last_name in account_list[5].text, \"Last name is not show in dropdown list \"\n        except AssertionError:\n            self.make_screenshoin_in_report(f\"Issue param in not list \")\n>           assert False, \"Issue param in not list\"\nE           AssertionError: Issue param in not list\n\nfeature_pages/bank_manager_login_page.py:43: AssertionError","steps":[{"name":"Open  browser and navigate to https://www.globalsqa.com/angularJs-protractor/BankingProject/#/login","time":{"start":1692716187686,"stop":1692716187696,"duration":10},"status":"passed","steps":[],"attachments":[],"parameters":[],"stepsCount":0,"attachmentsCount":0,"shouldDisplayMessage":false,"hasContent":false},{"name":"Create a new user in system ","time":{"start":1692716187700,"stop":1692716193094,"duration":5394},"status":"passed","steps":[],"attachments":[],"parameters":[],"stepsCount":0,"attachmentsCount":0,"shouldDisplayMessage":false,"hasContent":false},{"name":"Checking account for created new user in base list","time":{"start":1692716193094,"stop":1692716197445,"duration":4351},"status":"failed","statusMessage":"AssertionError: Issue param in not list\n","statusTrace":"  File \"/opt/hostedtoolcache/Python/3.10.12/x64/lib/python3.10/site-packages/allure_commons/_allure.py\", line 192, in impl\n    return func(*a, **kw)\n  File \"/home/runner/work/example_test_e2e_bank_app/example_test_e2e_bank_app/feature_pages/bank_manager_login_page.py\", line 43, in checking_account_for_new_user\n    assert False, \"Issue param in not list\"\n","steps":[],"attachments":[{"uid":"9b09a443bc379ff7","name":"Issue param in not list ","source":"9b09a443bc379ff7.png","type":"image/png","size":40304}],"parameters":[],"stepsCount":0,"attachmentsCount":1,"shouldDisplayMessage":true,"hasContent":true}],"attachments":[],"parameters":[],"stepsCount":3,"attachmentsCount":1,"shouldDisplayMessage":true,"hasContent":true},"afterStages":[{"name":"driver::0","time":{"start":1692716197454,"stop":1692716197511,"duration":57},"status":"passed","steps":[],"attachments":[],"parameters":[],"stepsCount":0,"attachmentsCount":0,"shouldDisplayMessage":false,"hasContent":false}],"labels":[{"name":"feature","value":"Cteate new user"},{"name":"severity","value":"NORMAL"},{"name":"tag","value":"smoke"},{"name":"parentSuite","value":"test"},{"name":"suite","value":"test_create_custuner"},{"name":"subSuite","value":"TestCreateCostuner"},{"name":"host","value":"fv-az593-679"},{"name":"thread","value":"2198-MainThread"},{"name":"framework","value":"pytest"},{"name":"language","value":"cpython3"},{"name":"package","value":"test.test_create_custuner"},{"name":"resultFormat","value":"allure2"}],"parameters":[],"links":[],"hidden":false,"retry":false,"extra":{"severity":"normal","retries":[],"categories":[{"name":"Product defects","matchedStatuses":[],"flaky":false}],"tags":["smoke"]},"source":"4f7cb245f667e47a.json","parameterValues":[]}