{"uid":"824ab519fe0cf7d3","name":"Search new user in data base","fullName":"test.test_create_custuner.TestCreateCostuner#test_search_new_user_in_list","historyId":"d77b652317085be0bf187088e96b93d3","time":{"start":1692706593630,"stop":1692706603797,"duration":10167},"status":"failed","statusMessage":"AssertionError: Issue param in not list","statusTrace":"self = <feature_pages.bank_manager_login_page.BankManagerLogin object at 0x7f2aa8608f10>\n\n    @allure.step(\"Checking account for created new user in base list\")\n    def checking_account_for_new_user(self):\n        try:\n            self.select_element_is_clickable(self.locator.OPEN_ACCOUNT_BTN).click()\n            time.sleep(4)\n            account_list = self.wait.until(EC.presence_of_all_elements_located(self.locator.ACCOUNT_LIST))\n>           assert self.first_name in account_list[5].text, \"First name is not show in dropdown list \"\nE           AssertionError: First name is not show in dropdown list\n\nfeature_pages/bank_manager_login_page.py:39: AssertionError\n\nDuring handling of the above exception, another exception occurred:\n\nself = <test.test_create_custuner.TestCreateCostuner object at 0x7f2aa8b6d390>\n\n    @allure.title(\"Search new user in data base\")\n    @allure.severity(\"NORMAL\")\n    @pytest.mark.smoke\n    def test_search_new_user_in_list(self):\n        self.bank_manager_login_page.open()\n        self.bank_manager_login_page.is_open_browser()\n        self.bank_manager_login_page.create_new_account_user()\n>       self.bank_manager_login_page.checking_account_for_new_user()\n\ntest/test_create_custuner.py:27: \n_ _ _ _ _ _ _ _ _ _ _ _ _ _ _ _ _ _ _ _ _ _ _ _ _ _ _ _ _ _ _ _ _ _ _ _ _ _ _ _ \n\nself = <feature_pages.bank_manager_login_page.BankManagerLogin object at 0x7f2aa8608f10>\n\n    @allure.step(\"Checking account for created new user in base list\")\n    def checking_account_for_new_user(self):\n        try:\n            self.select_element_is_clickable(self.locator.OPEN_ACCOUNT_BTN).click()\n            time.sleep(4)\n            account_list = self.wait.until(EC.presence_of_all_elements_located(self.locator.ACCOUNT_LIST))\n            assert self.first_name in account_list[5].text, \"First name is not show in dropdown list \"\n            assert self.last_name in account_list[5].text, \"Last name is not show in dropdown list \"\n        except AssertionError:\n            self.make_screenshoin_in_report(f\"Issue param in not list \")\n>           assert False, \"Issue param in not list\"\nE           AssertionError: Issue param in not list\n\nfeature_pages/bank_manager_login_page.py:43: AssertionError","flaky":false,"newFailed":false,"newBroken":false,"newPassed":false,"retriesCount":0,"retriesStatusChange":false,"beforeStages":[{"name":"_session_faker","time":{"start":1692706562996,"stop":1692706563021,"duration":25},"status":"passed","steps":[],"attachments":[],"parameters":[],"shouldDisplayMessage":false,"hasContent":false,"stepsCount":0,"attachmentsCount":0},{"name":"driver","time":{"start":1692706577997,"stop":1692706578764,"duration":767},"status":"passed","steps":[],"attachments":[],"parameters":[],"shouldDisplayMessage":false,"hasContent":false,"stepsCount":0,"attachmentsCount":0},{"name":"setup","time":{"start":1692706593629,"stop":1692706593629,"duration":0},"status":"passed","steps":[],"attachments":[],"parameters":[],"shouldDisplayMessage":false,"hasContent":false,"stepsCount":0,"attachmentsCount":0}],"testStage":{"status":"failed","statusMessage":"AssertionError: Issue param in not list","statusTrace":"self = <feature_pages.bank_manager_login_page.BankManagerLogin object at 0x7f2aa8608f10>\n\n    @allure.step(\"Checking account for created new user in base list\")\n    def checking_account_for_new_user(self):\n        try:\n            self.select_element_is_clickable(self.locator.OPEN_ACCOUNT_BTN).click()\n            time.sleep(4)\n            account_list = self.wait.until(EC.presence_of_all_elements_located(self.locator.ACCOUNT_LIST))\n>           assert self.first_name in account_list[5].text, \"First name is not show in dropdown list \"\nE           AssertionError: First name is not show in dropdown list\n\nfeature_pages/bank_manager_login_page.py:39: AssertionError\n\nDuring handling of the above exception, another exception occurred:\n\nself = <test.test_create_custuner.TestCreateCostuner object at 0x7f2aa8b6d390>\n\n    @allure.title(\"Search new user in data base\")\n    @allure.severity(\"NORMAL\")\n    @pytest.mark.smoke\n    def test_search_new_user_in_list(self):\n        self.bank_manager_login_page.open()\n        self.bank_manager_login_page.is_open_browser()\n        self.bank_manager_login_page.create_new_account_user()\n>       self.bank_manager_login_page.checking_account_for_new_user()\n\ntest/test_create_custuner.py:27: \n_ _ _ _ _ _ _ _ _ _ _ _ _ _ _ _ _ _ _ _ _ _ _ _ _ _ _ _ _ _ _ _ _ _ _ _ _ _ _ _ \n\nself = <feature_pages.bank_manager_login_page.BankManagerLogin object at 0x7f2aa8608f10>\n\n    @allure.step(\"Checking account for created new user in base list\")\n    def checking_account_for_new_user(self):\n        try:\n            self.select_element_is_clickable(self.locator.OPEN_ACCOUNT_BTN).click()\n            time.sleep(4)\n            account_list = self.wait.until(EC.presence_of_all_elements_located(self.locator.ACCOUNT_LIST))\n            assert self.first_name in account_list[5].text, \"First name is not show in dropdown list \"\n            assert self.last_name in account_list[5].text, \"Last name is not show in dropdown list \"\n        except AssertionError:\n            self.make_screenshoin_in_report(f\"Issue param in not list \")\n>           assert False, \"Issue param in not list\"\nE           AssertionError: Issue param in not list\n\nfeature_pages/bank_manager_login_page.py:43: AssertionError","steps":[{"name":"Open  browser and navigate to https://www.globalsqa.com/angularJs-protractor/BankingProject/#/login","time":{"start":1692706593630,"stop":1692706593646,"duration":16},"status":"passed","steps":[],"attachments":[],"parameters":[],"shouldDisplayMessage":false,"hasContent":false,"stepsCount":0,"attachmentsCount":0},{"name":"Create a new user in system ","time":{"start":1692706593652,"stop":1692706599286,"duration":5634},"status":"passed","steps":[],"attachments":[],"parameters":[],"shouldDisplayMessage":false,"hasContent":false,"stepsCount":0,"attachmentsCount":0},{"name":"Checking account for created new user in base list","time":{"start":1692706599286,"stop":1692706603796,"duration":4510},"status":"failed","statusMessage":"AssertionError: Issue param in not list\n","statusTrace":"  File \"/opt/hostedtoolcache/Python/3.10.12/x64/lib/python3.10/site-packages/allure_commons/_allure.py\", line 192, in impl\n    return func(*a, **kw)\n  File \"/home/runner/work/example_test_e2e_bank_app/example_test_e2e_bank_app/feature_pages/bank_manager_login_page.py\", line 43, in checking_account_for_new_user\n    assert False, \"Issue param in not list\"\n","steps":[],"attachments":[{"uid":"ce62bdca82366a84","name":"Issue param in not list ","source":"ce62bdca82366a84.png","type":"image/png","size":40304}],"parameters":[],"shouldDisplayMessage":true,"hasContent":true,"stepsCount":0,"attachmentsCount":1}],"attachments":[],"parameters":[],"shouldDisplayMessage":true,"hasContent":true,"stepsCount":3,"attachmentsCount":1},"afterStages":[{"name":"driver::0","time":{"start":1692706613922,"stop":1692706613980,"duration":58},"status":"passed","steps":[],"attachments":[],"parameters":[],"shouldDisplayMessage":false,"hasContent":false,"stepsCount":0,"attachmentsCount":0}],"labels":[{"name":"feature","value":"Cteate new user"},{"name":"severity","value":"NORMAL"},{"name":"tag","value":"smoke"},{"name":"parentSuite","value":"test"},{"name":"suite","value":"test_create_custuner"},{"name":"subSuite","value":"TestCreateCostuner"},{"name":"host","value":"fv-az572-169"},{"name":"thread","value":"2301-MainThread"},{"name":"framework","value":"pytest"},{"name":"language","value":"cpython3"},{"name":"package","value":"test.test_create_custuner"},{"name":"resultFormat","value":"allure2"}],"parameters":[],"links":[],"hidden":false,"retry":false,"extra":{"severity":"normal","retries":[],"categories":[{"name":"Product defects","matchedStatuses":[],"flaky":false}],"tags":["smoke"]},"source":"824ab519fe0cf7d3.json","parameterValues":[]}