{"uid":"34038bea874df981","name":"Search new user in data base","fullName":"test.test_create_custuner.TestCreateCostuner#test_search_new_user_in_list","historyId":"d77b652317085be0bf187088e96b93d3","time":{"start":1692732485004,"stop":1692732494970,"duration":9966},"status":"failed","statusMessage":"AssertionError: Issue param in not list","statusTrace":"self = <feature_pages.bank_manager_login_page.BankManagerLogin object at 0x7fbe76308640>\n\n    @allure.step(\"Checking account for created new user in base list\")\n    def checking_account_for_new_user(self):\n        try:\n            self.select_element_is_clickable(self.locator.OPEN_ACCOUNT_BTN).click()\n            time.sleep(4)\n            account_list = self.wait.until(EC.presence_of_all_elements_located(self.locator.ACCOUNT_LIST))\n>           assert self.first_name in account_list[5].text, \"First name is not show in dropdown list \"\nE           AssertionError: First name is not show in dropdown list\n\nfeature_pages/bank_manager_login_page.py:39: AssertionError\n\nDuring handling of the above exception, another exception occurred:\n\nself = <test.test_create_custuner.TestCreateCostuner object at 0x7fbe771693f0>\n\n    @allure.title(\"Search new user in data base\")\n    @allure.severity(\"NORMAL\")\n    @pytest.mark.smoke\n    def test_search_new_user_in_list(self):\n        self.bank_manager_login_page.open()\n        self.bank_manager_login_page.is_open_browser()\n        self.bank_manager_login_page.create_new_account_user()\n>       self.bank_manager_login_page.checking_account_for_new_user()\n\ntest/test_create_custuner.py:27: \n_ _ _ _ _ _ _ _ _ _ _ _ _ _ _ _ _ _ _ _ _ _ _ _ _ _ _ _ _ _ _ _ _ _ _ _ _ _ _ _ \n\nself = <feature_pages.bank_manager_login_page.BankManagerLogin object at 0x7fbe76308640>\n\n    @allure.step(\"Checking account for created new user in base list\")\n    def checking_account_for_new_user(self):\n        try:\n            self.select_element_is_clickable(self.locator.OPEN_ACCOUNT_BTN).click()\n            time.sleep(4)\n            account_list = self.wait.until(EC.presence_of_all_elements_located(self.locator.ACCOUNT_LIST))\n            assert self.first_name in account_list[5].text, \"First name is not show in dropdown list \"\n            assert self.last_name in account_list[5].text, \"Last name is not show in dropdown list \"\n        except AssertionError:\n            self.make_screenshoin_in_report(f\"Issue param in not list \")\n>           assert False, \"Issue param in not list\"\nE           AssertionError: Issue param in not list\n\nfeature_pages/bank_manager_login_page.py:43: AssertionError","flaky":false,"newFailed":false,"newBroken":false,"newPassed":false,"retriesCount":0,"retriesStatusChange":false,"beforeStages":[{"name":"_session_faker","time":{"start":1692732450051,"stop":1692732450074,"duration":23},"status":"passed","steps":[],"attachments":[],"parameters":[],"stepsCount":0,"attachmentsCount":0,"shouldDisplayMessage":false,"hasContent":false},{"name":"driver","time":{"start":1692732469806,"stop":1692732470529,"duration":723},"status":"passed","steps":[],"attachments":[],"parameters":[],"stepsCount":0,"attachmentsCount":0,"shouldDisplayMessage":false,"hasContent":false},{"name":"setup","time":{"start":1692732485004,"stop":1692732485004,"duration":0},"status":"passed","steps":[],"attachments":[],"parameters":[],"stepsCount":0,"attachmentsCount":0,"shouldDisplayMessage":false,"hasContent":false}],"testStage":{"status":"failed","statusMessage":"AssertionError: Issue param in not list","statusTrace":"self = <feature_pages.bank_manager_login_page.BankManagerLogin object at 0x7fbe76308640>\n\n    @allure.step(\"Checking account for created new user in base list\")\n    def checking_account_for_new_user(self):\n        try:\n            self.select_element_is_clickable(self.locator.OPEN_ACCOUNT_BTN).click()\n            time.sleep(4)\n            account_list = self.wait.until(EC.presence_of_all_elements_located(self.locator.ACCOUNT_LIST))\n>           assert self.first_name in account_list[5].text, \"First name is not show in dropdown list \"\nE           AssertionError: First name is not show in dropdown list\n\nfeature_pages/bank_manager_login_page.py:39: AssertionError\n\nDuring handling of the above exception, another exception occurred:\n\nself = <test.test_create_custuner.TestCreateCostuner object at 0x7fbe771693f0>\n\n    @allure.title(\"Search new user in data base\")\n    @allure.severity(\"NORMAL\")\n    @pytest.mark.smoke\n    def test_search_new_user_in_list(self):\n        self.bank_manager_login_page.open()\n        self.bank_manager_login_page.is_open_browser()\n        self.bank_manager_login_page.create_new_account_user()\n>       self.bank_manager_login_page.checking_account_for_new_user()\n\ntest/test_create_custuner.py:27: \n_ _ _ _ _ _ _ _ _ _ _ _ _ _ _ _ _ _ _ _ _ _ _ _ _ _ _ _ _ _ _ _ _ _ _ _ _ _ _ _ \n\nself = <feature_pages.bank_manager_login_page.BankManagerLogin object at 0x7fbe76308640>\n\n    @allure.step(\"Checking account for created new user in base list\")\n    def checking_account_for_new_user(self):\n        try:\n            self.select_element_is_clickable(self.locator.OPEN_ACCOUNT_BTN).click()\n            time.sleep(4)\n            account_list = self.wait.until(EC.presence_of_all_elements_located(self.locator.ACCOUNT_LIST))\n            assert self.first_name in account_list[5].text, \"First name is not show in dropdown list \"\n            assert self.last_name in account_list[5].text, \"Last name is not show in dropdown list \"\n        except AssertionError:\n            self.make_screenshoin_in_report(f\"Issue param in not list \")\n>           assert False, \"Issue param in not list\"\nE           AssertionError: Issue param in not list\n\nfeature_pages/bank_manager_login_page.py:43: AssertionError","steps":[{"name":"Open  browser and navigate to https://www.globalsqa.com/angularJs-protractor/BankingProject/#/login","time":{"start":1692732485005,"stop":1692732485017,"duration":12},"status":"passed","steps":[],"attachments":[],"parameters":[],"stepsCount":0,"attachmentsCount":0,"shouldDisplayMessage":false,"hasContent":false},{"name":"Create a new user in system ","time":{"start":1692732485021,"stop":1692732490528,"duration":5507},"status":"passed","steps":[],"attachments":[],"parameters":[],"stepsCount":0,"attachmentsCount":0,"shouldDisplayMessage":false,"hasContent":false},{"name":"Checking account for created new user in base list","time":{"start":1692732490529,"stop":1692732494970,"duration":4441},"status":"failed","statusMessage":"AssertionError: Issue param in not list\n","statusTrace":"  File \"/opt/hostedtoolcache/Python/3.10.12/x64/lib/python3.10/site-packages/allure_commons/_allure.py\", line 192, in impl\n    return func(*a, **kw)\n  File \"/home/runner/work/example_test_e2e_bank_app/example_test_e2e_bank_app/feature_pages/bank_manager_login_page.py\", line 43, in checking_account_for_new_user\n    assert False, \"Issue param in not list\"\n","steps":[],"attachments":[{"uid":"1689eaf0372c14f4","name":"Issue param in not list ","source":"1689eaf0372c14f4.png","type":"image/png","size":40304}],"parameters":[],"stepsCount":0,"attachmentsCount":1,"shouldDisplayMessage":true,"hasContent":true}],"attachments":[],"parameters":[],"stepsCount":3,"attachmentsCount":1,"shouldDisplayMessage":true,"hasContent":true},"afterStages":[{"name":"driver::0","time":{"start":1692732504997,"stop":1692732505055,"duration":58},"status":"passed","steps":[],"attachments":[],"parameters":[],"stepsCount":0,"attachmentsCount":0,"shouldDisplayMessage":false,"hasContent":false}],"labels":[{"name":"feature","value":"Cteate new user"},{"name":"severity","value":"NORMAL"},{"name":"tag","value":"smoke"},{"name":"parentSuite","value":"test"},{"name":"suite","value":"test_create_custuner"},{"name":"subSuite","value":"TestCreateCostuner"},{"name":"host","value":"fv-az257-398"},{"name":"thread","value":"2243-MainThread"},{"name":"framework","value":"pytest"},{"name":"language","value":"cpython3"},{"name":"package","value":"test.test_create_custuner"},{"name":"resultFormat","value":"allure2"}],"parameters":[],"links":[],"hidden":false,"retry":false,"extra":{"severity":"normal","retries":[],"categories":[{"name":"Product defects","matchedStatuses":[],"flaky":false}],"tags":["smoke"]},"source":"34038bea874df981.json","parameterValues":[]}