{"uid":"c9be71650e1a7eb9","name":"Delete new user in data base","fullName":"test.test_create_custuner.TestCreateCostuner#test_delete_new_user_in_list","historyId":"c3b6518e26ba05cc896001c6a44b94ec","time":{"start":1710752197681,"stop":1710752207272,"duration":9591},"status":"failed","statusMessage":"AssertionError: Issue param in not list","statusTrace":"self = <feature_pages.bank_manager_login_page.BankManagerLogin object at 0x73204fbaa2f0>\n\n    @allure.step(\"Checking account for created new user in base list\")\n    def checking_account_for_new_user(self):\n        try:\n            self.select_element_is_clickable(self.locator.OPEN_ACCOUNT_BTN).click()\n            time.sleep(4)\n            account_list = self.wait.until(EC.presence_of_all_elements_located(self.locator.ACCOUNT_LIST))\n>           assert self.first_name in account_list[5].text, \"First name is not show in dropdown list \"\nE           AssertionError: First name is not show in dropdown list\n\nfeature_pages/bank_manager_login_page.py:40: AssertionError\n\nDuring handling of the above exception, another exception occurred:\n\nself = <test.test_create_custuner.TestCreateCostuner object at 0x73204fdb6500>\n\n    @allure.title(\"Delete new user in data base\")\n    @allure.severity(\"NORMAL\")\n    @pytest.mark.smoke\n    def test_delete_new_user_in_list(self):\n        self.bank_manager_login_page.open()\n        self.bank_manager_login_page.is_open_browser()\n        self.bank_manager_login_page.create_new_account_user()\n>       self.bank_manager_login_page.checking_account_for_new_user()\n\ntest/test_create_custuner.py:38: \n_ _ _ _ _ _ _ _ _ _ _ _ _ _ _ _ _ _ _ _ _ _ _ _ _ _ _ _ _ _ _ _ _ _ _ _ _ _ _ _ \n\nself = <feature_pages.bank_manager_login_page.BankManagerLogin object at 0x73204fbaa2f0>\n\n    @allure.step(\"Checking account for created new user in base list\")\n    def checking_account_for_new_user(self):\n        try:\n            self.select_element_is_clickable(self.locator.OPEN_ACCOUNT_BTN).click()\n            time.sleep(4)\n            account_list = self.wait.until(EC.presence_of_all_elements_located(self.locator.ACCOUNT_LIST))\n            assert self.first_name in account_list[5].text, \"First name is not show in dropdown list \"\n            assert self.last_name in account_list[5].text, \"Last name is not show in dropdown list \"\n        except AssertionError:\n            self.make_screenshoin_in_report(f\"Issue param in not list \")\n>           assert False, \"Issue param in not list\"\nE           AssertionError: Issue param in not list\n\nfeature_pages/bank_manager_login_page.py:44: AssertionError","flaky":false,"newFailed":false,"newBroken":false,"newPassed":false,"retriesCount":0,"retriesStatusChange":false,"beforeStages":[{"name":"_session_faker","time":{"start":1710752150426,"stop":1710752150441,"duration":15},"status":"passed","steps":[],"attachments":[],"parameters":[],"shouldDisplayMessage":false,"stepsCount":0,"attachmentsCount":0,"hasContent":false,"attachmentStep":false},{"name":"driver","time":{"start":1710752174079,"stop":1710752174254,"duration":175},"status":"passed","steps":[],"attachments":[],"parameters":[],"shouldDisplayMessage":false,"stepsCount":0,"attachmentsCount":0,"hasContent":false,"attachmentStep":false},{"name":"setup","time":{"start":1710752197680,"stop":1710752197681,"duration":1},"status":"passed","steps":[],"attachments":[],"parameters":[],"shouldDisplayMessage":false,"stepsCount":0,"attachmentsCount":0,"hasContent":false,"attachmentStep":false}],"testStage":{"status":"failed","statusMessage":"AssertionError: Issue param in not list","statusTrace":"self = <feature_pages.bank_manager_login_page.BankManagerLogin object at 0x73204fbaa2f0>\n\n    @allure.step(\"Checking account for created new user in base list\")\n    def checking_account_for_new_user(self):\n        try:\n            self.select_element_is_clickable(self.locator.OPEN_ACCOUNT_BTN).click()\n            time.sleep(4)\n            account_list = self.wait.until(EC.presence_of_all_elements_located(self.locator.ACCOUNT_LIST))\n>           assert self.first_name in account_list[5].text, \"First name is not show in dropdown list \"\nE           AssertionError: First name is not show in dropdown list\n\nfeature_pages/bank_manager_login_page.py:40: AssertionError\n\nDuring handling of the above exception, another exception occurred:\n\nself = <test.test_create_custuner.TestCreateCostuner object at 0x73204fdb6500>\n\n    @allure.title(\"Delete new user in data base\")\n    @allure.severity(\"NORMAL\")\n    @pytest.mark.smoke\n    def test_delete_new_user_in_list(self):\n        self.bank_manager_login_page.open()\n        self.bank_manager_login_page.is_open_browser()\n        self.bank_manager_login_page.create_new_account_user()\n>       self.bank_manager_login_page.checking_account_for_new_user()\n\ntest/test_create_custuner.py:38: \n_ _ _ _ _ _ _ _ _ _ _ _ _ _ _ _ _ _ _ _ _ _ _ _ _ _ _ _ _ _ _ _ _ _ _ _ _ _ _ _ \n\nself = <feature_pages.bank_manager_login_page.BankManagerLogin object at 0x73204fbaa2f0>\n\n    @allure.step(\"Checking account for created new user in base list\")\n    def checking_account_for_new_user(self):\n        try:\n            self.select_element_is_clickable(self.locator.OPEN_ACCOUNT_BTN).click()\n            time.sleep(4)\n            account_list = self.wait.until(EC.presence_of_all_elements_located(self.locator.ACCOUNT_LIST))\n            assert self.first_name in account_list[5].text, \"First name is not show in dropdown list \"\n            assert self.last_name in account_list[5].text, \"Last name is not show in dropdown list \"\n        except AssertionError:\n            self.make_screenshoin_in_report(f\"Issue param in not list \")\n>           assert False, \"Issue param in not list\"\nE           AssertionError: Issue param in not list\n\nfeature_pages/bank_manager_login_page.py:44: AssertionError","steps":[{"name":"Open  browser and navigate to https://www.globalsqa.com/angularJs-protractor/BankingProject/#/login","time":{"start":1710752197681,"stop":1710752197685,"duration":4},"status":"passed","steps":[],"attachments":[],"parameters":[],"shouldDisplayMessage":false,"stepsCount":0,"attachmentsCount":0,"hasContent":false,"attachmentStep":false},{"name":"Create a new user in system ","time":{"start":1710752197689,"stop":1710752203007,"duration":5318},"status":"passed","steps":[],"attachments":[],"parameters":[],"shouldDisplayMessage":false,"stepsCount":0,"attachmentsCount":0,"hasContent":false,"attachmentStep":false},{"name":"Checking account for created new user in base list","time":{"start":1710752203007,"stop":1710752207272,"duration":4265},"status":"failed","statusMessage":"AssertionError: Issue param in not list\n","statusTrace":"  File \"/opt/hostedtoolcache/Python/3.10.13/x64/lib/python3.10/site-packages/allure_commons/_allure.py\", line 192, in impl\n    return func(*a, **kw)\n  File \"/home/runner/work/example_test_e2e_bank_app/example_test_e2e_bank_app/feature_pages/bank_manager_login_page.py\", line 44, in checking_account_for_new_user\n    assert False, \"Issue param in not list\"\n","steps":[],"attachments":[{"uid":"d226e3c50ba1c59b","name":"Issue param in not list ","source":"d226e3c50ba1c59b.png","type":"image/png","size":40292}],"parameters":[],"shouldDisplayMessage":true,"stepsCount":0,"attachmentsCount":1,"hasContent":true,"attachmentStep":false}],"attachments":[],"parameters":[],"shouldDisplayMessage":true,"stepsCount":3,"attachmentsCount":1,"hasContent":true,"attachmentStep":false},"afterStages":[{"name":"driver::0","time":{"start":1710752207278,"stop":1710752207336,"duration":58},"status":"passed","steps":[],"attachments":[],"parameters":[],"shouldDisplayMessage":false,"stepsCount":0,"attachmentsCount":0,"hasContent":false,"attachmentStep":false}],"labels":[{"name":"feature","value":"Cteate new user"},{"name":"severity","value":"NORMAL"},{"name":"tag","value":"smoke"},{"name":"parentSuite","value":"test"},{"name":"suite","value":"test_create_custuner"},{"name":"subSuite","value":"TestCreateCostuner"},{"name":"host","value":"fv-az801-159"},{"name":"thread","value":"2419-MainThread"},{"name":"framework","value":"pytest"},{"name":"language","value":"cpython3"},{"name":"package","value":"test.test_create_custuner"},{"name":"resultFormat","value":"allure2"}],"parameters":[],"links":[],"hidden":false,"retry":false,"extra":{"severity":"normal","retries":[],"categories":[{"name":"Product defects","matchedStatuses":[],"flaky":false}],"tags":["smoke"]},"source":"c9be71650e1a7eb9.json","parameterValues":[]}